Thu, 08 Jun 2023 10:10:24 GMT
cathAll error
Stack: Error: ER_WRONG_VALUE_COUNT_ON_ROW: Column count doesn't match value count at row 1
    at Query.Sequence._packetToError (C:\Users\Owner\Desktop\Studies\Vacation Project\Backend\node_modules\mysql\lib\protocol\sequences\Sequence.js:47:14)
    at Query.ErrorPacket (C:\Users\Owner\Desktop\Studies\Vacation Project\Backend\node_modules\mysql\lib\protocol\sequences\Query.js:79:18)
    at Protocol._parsePacket (C:\Users\Owner\Desktop\Studies\Vacation Project\Backend\node_modules\mysql\lib\protocol\Protocol.js:291:23)
    at Parser._parsePacket (C:\Users\Owner\Desktop\Studies\Vacation Project\Backend\node_modules\mysql\lib\protocol\Parser.js:433:10)
    at Parser.write (C:\Users\Owner\Desktop\Studies\Vacation Project\Backend\node_modules\mysql\lib\protocol\Parser.js:43:10)
    at Protocol.write (C:\Users\Owner\Desktop\Studies\Vacation Project\Backend\node_modules\mysql\lib\protocol\Protocol.js:38:16)
    at Socket.<anonymous> (C:\Users\Owner\Desktop\Studies\Vacation Project\Backend\node_modules\mysql\lib\Connection.js:88:28)
    at Socket.<anonymous> (C:\Users\Owner\Desktop\Studies\Vacation Project\Backend\node_modules\mysql\lib\Connection.js:526:10)
    at Socket.emit (node:events:513:28)
    at Socket.emit (node:domain:489:12)
    --------------------
    at Pool.query (C:\Users\Owner\Desktop\Studies\Vacation Project\Backend\node_modules\mysql\lib\Pool.js:199:23)
    at C:\Users\Owner\Desktop\Studies\Vacation Project\Backend\src\2-utils\dal.ts:14:20
    at new Promise (<anonymous>)
    at Object.execute (C:\Users\Owner\Desktop\Studies\Vacation Project\Backend\src\2-utils\dal.ts:13:12)
    at Object.<anonymous> (C:\Users\Owner\Desktop\Studies\Vacation Project\Backend\src\5-logic\auth-logic.ts:17:15)
    at step (C:\Users\Owner\Desktop\Studies\Vacation Project\Backend\src\5-logic\auth-logic.ts:33:23)
    at Object.next (C:\Users\Owner\Desktop\Studies\Vacation Project\Backend\src\5-logic\auth-logic.ts:14:53)
    at fulfilled (C:\Users\Owner\Desktop\Studies\Vacation Project\Backend\src\5-logic\auth-logic.ts:5:58)
    at processTicksAndRejections (node:internal/process/task_queues:95:5)
----------------------------------------------------------------------------------------------------
Thu, 08 Jun 2023 10:12:55 GMT
cathAll error
Stack: Error: ER_PARSE_ERROR: You have an error in your SQL syntax; check the manual that corresponds to your MariaDB server version for the right syntax to use near '?)' at line 1
    at Query.Sequence._packetToError (C:\Users\Owner\Desktop\Studies\Vacation Project\Backend\node_modules\mysql\lib\protocol\sequences\Sequence.js:47:14)
    at Query.ErrorPacket (C:\Users\Owner\Desktop\Studies\Vacation Project\Backend\node_modules\mysql\lib\protocol\sequences\Query.js:79:18)
    at Protocol._parsePacket (C:\Users\Owner\Desktop\Studies\Vacation Project\Backend\node_modules\mysql\lib\protocol\Protocol.js:291:23)
    at Parser._parsePacket (C:\Users\Owner\Desktop\Studies\Vacation Project\Backend\node_modules\mysql\lib\protocol\Parser.js:433:10)
    at Parser.write (C:\Users\Owner\Desktop\Studies\Vacation Project\Backend\node_modules\mysql\lib\protocol\Parser.js:43:10)
    at Protocol.write (C:\Users\Owner\Desktop\Studies\Vacation Project\Backend\node_modules\mysql\lib\protocol\Protocol.js:38:16)
    at Socket.<anonymous> (C:\Users\Owner\Desktop\Studies\Vacation Project\Backend\node_modules\mysql\lib\Connection.js:88:28)
    at Socket.<anonymous> (C:\Users\Owner\Desktop\Studies\Vacation Project\Backend\node_modules\mysql\lib\Connection.js:526:10)
    at Socket.emit (node:events:513:28)
    at Socket.emit (node:domain:489:12)
    --------------------
    at Pool.query (C:\Users\Owner\Desktop\Studies\Vacation Project\Backend\node_modules\mysql\lib\Pool.js:199:23)
    at C:\Users\Owner\Desktop\Studies\Vacation Project\Backend\src\2-utils\dal.ts:14:20
    at new Promise (<anonymous>)
    at Object.execute (C:\Users\Owner\Desktop\Studies\Vacation Project\Backend\src\2-utils\dal.ts:13:12)
    at Object.<anonymous> (C:\Users\Owner\Desktop\Studies\Vacation Project\Backend\src\5-logic\auth-logic.ts:17:15)
    at step (C:\Users\Owner\Desktop\Studies\Vacation Project\Backend\src\5-logic\auth-logic.ts:33:23)
    at Object.next (C:\Users\Owner\Desktop\Studies\Vacation Project\Backend\src\5-logic\auth-logic.ts:14:53)
    at fulfilled (C:\Users\Owner\Desktop\Studies\Vacation Project\Backend\src\5-logic\auth-logic.ts:5:58)
    at processTicksAndRejections (node:internal/process/task_queues:95:5)
----------------------------------------------------------------------------------------------------
Thu, 08 Jun 2023 10:13:51 GMT
cathAll error
Stack: Error: ER_PARSE_ERROR: You have an error in your SQL syntax; check the manual that corresponds to your MariaDB server version for the right syntax to use near '?)' at line 1
    at Query.Sequence._packetToError (C:\Users\Owner\Desktop\Studies\Vacation Project\Backend\node_modules\mysql\lib\protocol\sequences\Sequence.js:47:14)
    at Query.ErrorPacket (C:\Users\Owner\Desktop\Studies\Vacation Project\Backend\node_modules\mysql\lib\protocol\sequences\Query.js:79:18)
    at Protocol._parsePacket (C:\Users\Owner\Desktop\Studies\Vacation Project\Backend\node_modules\mysql\lib\protocol\Protocol.js:291:23)
    at Parser._parsePacket (C:\Users\Owner\Desktop\Studies\Vacation Project\Backend\node_modules\mysql\lib\protocol\Parser.js:433:10)
    at Parser.write (C:\Users\Owner\Desktop\Studies\Vacation Project\Backend\node_modules\mysql\lib\protocol\Parser.js:43:10)
    at Protocol.write (C:\Users\Owner\Desktop\Studies\Vacation Project\Backend\node_modules\mysql\lib\protocol\Protocol.js:38:16)
    at Socket.<anonymous> (C:\Users\Owner\Desktop\Studies\Vacation Project\Backend\node_modules\mysql\lib\Connection.js:88:28)
    at Socket.<anonymous> (C:\Users\Owner\Desktop\Studies\Vacation Project\Backend\node_modules\mysql\lib\Connection.js:526:10)
    at Socket.emit (node:events:513:28)
    at Socket.emit (node:domain:489:12)
    --------------------
    at Pool.query (C:\Users\Owner\Desktop\Studies\Vacation Project\Backend\node_modules\mysql\lib\Pool.js:199:23)
    at C:\Users\Owner\Desktop\Studies\Vacation Project\Backend\src\2-utils\dal.ts:14:20
    at new Promise (<anonymous>)
    at Object.execute (C:\Users\Owner\Desktop\Studies\Vacation Project\Backend\src\2-utils\dal.ts:13:12)
    at Object.<anonymous> (C:\Users\Owner\Desktop\Studies\Vacation Project\Backend\src\5-logic\auth-logic.ts:17:15)
    at step (C:\Users\Owner\Desktop\Studies\Vacation Project\Backend\src\5-logic\auth-logic.ts:33:23)
    at Object.next (C:\Users\Owner\Desktop\Studies\Vacation Project\Backend\src\5-logic\auth-logic.ts:14:53)
    at fulfilled (C:\Users\Owner\Desktop\Studies\Vacation Project\Backend\src\5-logic\auth-logic.ts:5:58)
    at processTicksAndRejections (node:internal/process/task_queues:95:5)
----------------------------------------------------------------------------------------------------
Thu, 08 Jun 2023 10:13:52 GMT
cathAll error
Stack: Error: ER_PARSE_ERROR: You have an error in your SQL syntax; check the manual that corresponds to your MariaDB server version for the right syntax to use near '?)' at line 1
    at Query.Sequence._packetToError (C:\Users\Owner\Desktop\Studies\Vacation Project\Backend\node_modules\mysql\lib\protocol\sequences\Sequence.js:47:14)
    at Query.ErrorPacket (C:\Users\Owner\Desktop\Studies\Vacation Project\Backend\node_modules\mysql\lib\protocol\sequences\Query.js:79:18)
    at Protocol._parsePacket (C:\Users\Owner\Desktop\Studies\Vacation Project\Backend\node_modules\mysql\lib\protocol\Protocol.js:291:23)
    at Parser._parsePacket (C:\Users\Owner\Desktop\Studies\Vacation Project\Backend\node_modules\mysql\lib\protocol\Parser.js:433:10)
    at Parser.write (C:\Users\Owner\Desktop\Studies\Vacation Project\Backend\node_modules\mysql\lib\protocol\Parser.js:43:10)
    at Protocol.write (C:\Users\Owner\Desktop\Studies\Vacation Project\Backend\node_modules\mysql\lib\protocol\Protocol.js:38:16)
    at Socket.<anonymous> (C:\Users\Owner\Desktop\Studies\Vacation Project\Backend\node_modules\mysql\lib\Connection.js:88:28)
    at Socket.<anonymous> (C:\Users\Owner\Desktop\Studies\Vacation Project\Backend\node_modules\mysql\lib\Connection.js:526:10)
    at Socket.emit (node:events:513:28)
    at Socket.emit (node:domain:489:12)
    --------------------
    at Pool.query (C:\Users\Owner\Desktop\Studies\Vacation Project\Backend\node_modules\mysql\lib\Pool.js:199:23)
    at C:\Users\Owner\Desktop\Studies\Vacation Project\Backend\src\2-utils\dal.ts:14:20
    at new Promise (<anonymous>)
    at Object.execute (C:\Users\Owner\Desktop\Studies\Vacation Project\Backend\src\2-utils\dal.ts:13:12)
    at Object.<anonymous> (C:\Users\Owner\Desktop\Studies\Vacation Project\Backend\src\5-logic\auth-logic.ts:17:15)
    at step (C:\Users\Owner\Desktop\Studies\Vacation Project\Backend\src\5-logic\auth-logic.ts:33:23)
    at Object.next (C:\Users\Owner\Desktop\Studies\Vacation Project\Backend\src\5-logic\auth-logic.ts:14:53)
    at fulfilled (C:\Users\Owner\Desktop\Studies\Vacation Project\Backend\src\5-logic\auth-logic.ts:5:58)
    at processTicksAndRejections (node:internal/process/task_queues:95:5)
----------------------------------------------------------------------------------------------------
Thu, 08 Jun 2023 10:19:58 GMT
cathAll error
Stack: Error: ER_PARSE_ERROR: You have an error in your SQL syntax; check the manual that corresponds to your MariaDB server version for the right syntax to use near '?)' at line 1
    at Query.Sequence._packetToError (C:\Users\Owner\Desktop\Studies\Vacation Project\Backend\node_modules\mysql\lib\protocol\sequences\Sequence.js:47:14)
    at Query.ErrorPacket (C:\Users\Owner\Desktop\Studies\Vacation Project\Backend\node_modules\mysql\lib\protocol\sequences\Query.js:79:18)
    at Protocol._parsePacket (C:\Users\Owner\Desktop\Studies\Vacation Project\Backend\node_modules\mysql\lib\protocol\Protocol.js:291:23)
    at Parser._parsePacket (C:\Users\Owner\Desktop\Studies\Vacation Project\Backend\node_modules\mysql\lib\protocol\Parser.js:433:10)
    at Parser.write (C:\Users\Owner\Desktop\Studies\Vacation Project\Backend\node_modules\mysql\lib\protocol\Parser.js:43:10)
    at Protocol.write (C:\Users\Owner\Desktop\Studies\Vacation Project\Backend\node_modules\mysql\lib\protocol\Protocol.js:38:16)
    at Socket.<anonymous> (C:\Users\Owner\Desktop\Studies\Vacation Project\Backend\node_modules\mysql\lib\Connection.js:88:28)
    at Socket.<anonymous> (C:\Users\Owner\Desktop\Studies\Vacation Project\Backend\node_modules\mysql\lib\Connection.js:526:10)
    at Socket.emit (node:events:513:28)
    at Socket.emit (node:domain:489:12)
    --------------------
    at Pool.query (C:\Users\Owner\Desktop\Studies\Vacation Project\Backend\node_modules\mysql\lib\Pool.js:199:23)
    at C:\Users\Owner\Desktop\Studies\Vacation Project\Backend\src\2-utils\dal.ts:14:20
    at new Promise (<anonymous>)
    at Object.execute (C:\Users\Owner\Desktop\Studies\Vacation Project\Backend\src\2-utils\dal.ts:13:12)
    at Object.<anonymous> (C:\Users\Owner\Desktop\Studies\Vacation Project\Backend\src\5-logic\auth-logic.ts:17:15)
    at step (C:\Users\Owner\Desktop\Studies\Vacation Project\Backend\src\5-logic\auth-logic.ts:33:23)
    at Object.next (C:\Users\Owner\Desktop\Studies\Vacation Project\Backend\src\5-logic\auth-logic.ts:14:53)
    at fulfilled (C:\Users\Owner\Desktop\Studies\Vacation Project\Backend\src\5-logic\auth-logic.ts:5:58)
    at processTicksAndRejections (node:internal/process/task_queues:95:5)
----------------------------------------------------------------------------------------------------
Thu, 08 Jun 2023 10:19:59 GMT
cathAll error
Stack: Error: ER_PARSE_ERROR: You have an error in your SQL syntax; check the manual that corresponds to your MariaDB server version for the right syntax to use near '?)' at line 1
    at Query.Sequence._packetToError (C:\Users\Owner\Desktop\Studies\Vacation Project\Backend\node_modules\mysql\lib\protocol\sequences\Sequence.js:47:14)
    at Query.ErrorPacket (C:\Users\Owner\Desktop\Studies\Vacation Project\Backend\node_modules\mysql\lib\protocol\sequences\Query.js:79:18)
    at Protocol._parsePacket (C:\Users\Owner\Desktop\Studies\Vacation Project\Backend\node_modules\mysql\lib\protocol\Protocol.js:291:23)
    at Parser._parsePacket (C:\Users\Owner\Desktop\Studies\Vacation Project\Backend\node_modules\mysql\lib\protocol\Parser.js:433:10)
    at Parser.write (C:\Users\Owner\Desktop\Studies\Vacation Project\Backend\node_modules\mysql\lib\protocol\Parser.js:43:10)
    at Protocol.write (C:\Users\Owner\Desktop\Studies\Vacation Project\Backend\node_modules\mysql\lib\protocol\Protocol.js:38:16)
    at Socket.<anonymous> (C:\Users\Owner\Desktop\Studies\Vacation Project\Backend\node_modules\mysql\lib\Connection.js:88:28)
    at Socket.<anonymous> (C:\Users\Owner\Desktop\Studies\Vacation Project\Backend\node_modules\mysql\lib\Connection.js:526:10)
    at Socket.emit (node:events:513:28)
    at Socket.emit (node:domain:489:12)
    --------------------
    at Pool.query (C:\Users\Owner\Desktop\Studies\Vacation Project\Backend\node_modules\mysql\lib\Pool.js:199:23)
    at C:\Users\Owner\Desktop\Studies\Vacation Project\Backend\src\2-utils\dal.ts:14:20
    at new Promise (<anonymous>)
    at Object.execute (C:\Users\Owner\Desktop\Studies\Vacation Project\Backend\src\2-utils\dal.ts:13:12)
    at Object.<anonymous> (C:\Users\Owner\Desktop\Studies\Vacation Project\Backend\src\5-logic\auth-logic.ts:17:15)
    at step (C:\Users\Owner\Desktop\Studies\Vacation Project\Backend\src\5-logic\auth-logic.ts:33:23)
    at Object.next (C:\Users\Owner\Desktop\Studies\Vacation Project\Backend\src\5-logic\auth-logic.ts:14:53)
    at fulfilled (C:\Users\Owner\Desktop\Studies\Vacation Project\Backend\src\5-logic\auth-logic.ts:5:58)
    at processTicksAndRejections (node:internal/process/task_queues:95:5)
----------------------------------------------------------------------------------------------------
Thu, 08 Jun 2023 10:20:00 GMT
cathAll error
Stack: Error: ER_PARSE_ERROR: You have an error in your SQL syntax; check the manual that corresponds to your MariaDB server version for the right syntax to use near '?)' at line 1
    at Query.Sequence._packetToError (C:\Users\Owner\Desktop\Studies\Vacation Project\Backend\node_modules\mysql\lib\protocol\sequences\Sequence.js:47:14)
    at Query.ErrorPacket (C:\Users\Owner\Desktop\Studies\Vacation Project\Backend\node_modules\mysql\lib\protocol\sequences\Query.js:79:18)
    at Protocol._parsePacket (C:\Users\Owner\Desktop\Studies\Vacation Project\Backend\node_modules\mysql\lib\protocol\Protocol.js:291:23)
    at Parser._parsePacket (C:\Users\Owner\Desktop\Studies\Vacation Project\Backend\node_modules\mysql\lib\protocol\Parser.js:433:10)
    at Parser.write (C:\Users\Owner\Desktop\Studies\Vacation Project\Backend\node_modules\mysql\lib\protocol\Parser.js:43:10)
    at Protocol.write (C:\Users\Owner\Desktop\Studies\Vacation Project\Backend\node_modules\mysql\lib\protocol\Protocol.js:38:16)
    at Socket.<anonymous> (C:\Users\Owner\Desktop\Studies\Vacation Project\Backend\node_modules\mysql\lib\Connection.js:88:28)
    at Socket.<anonymous> (C:\Users\Owner\Desktop\Studies\Vacation Project\Backend\node_modules\mysql\lib\Connection.js:526:10)
    at Socket.emit (node:events:513:28)
    at Socket.emit (node:domain:489:12)
    --------------------
    at Pool.query (C:\Users\Owner\Desktop\Studies\Vacation Project\Backend\node_modules\mysql\lib\Pool.js:199:23)
    at C:\Users\Owner\Desktop\Studies\Vacation Project\Backend\src\2-utils\dal.ts:14:20
    at new Promise (<anonymous>)
    at Object.execute (C:\Users\Owner\Desktop\Studies\Vacation Project\Backend\src\2-utils\dal.ts:13:12)
    at Object.<anonymous> (C:\Users\Owner\Desktop\Studies\Vacation Project\Backend\src\5-logic\auth-logic.ts:17:15)
    at step (C:\Users\Owner\Desktop\Studies\Vacation Project\Backend\src\5-logic\auth-logic.ts:33:23)
    at Object.next (C:\Users\Owner\Desktop\Studies\Vacation Project\Backend\src\5-logic\auth-logic.ts:14:53)
    at fulfilled (C:\Users\Owner\Desktop\Studies\Vacation Project\Backend\src\5-logic\auth-logic.ts:5:58)
    at processTicksAndRejections (node:internal/process/task_queues:95:5)
----------------------------------------------------------------------------------------------------
Thu, 08 Jun 2023 10:20:55 GMT
cathAll error
Stack: Error: ER_PARSE_ERROR: You have an error in your SQL syntax; check the manual that corresponds to your MariaDB server version for the right syntax to use near '?)' at line 1
    at Query.Sequence._packetToError (C:\Users\Owner\Desktop\Studies\Vacation Project\Backend\node_modules\mysql\lib\protocol\sequences\Sequence.js:47:14)
    at Query.ErrorPacket (C:\Users\Owner\Desktop\Studies\Vacation Project\Backend\node_modules\mysql\lib\protocol\sequences\Query.js:79:18)
    at Protocol._parsePacket (C:\Users\Owner\Desktop\Studies\Vacation Project\Backend\node_modules\mysql\lib\protocol\Protocol.js:291:23)
    at Parser._parsePacket (C:\Users\Owner\Desktop\Studies\Vacation Project\Backend\node_modules\mysql\lib\protocol\Parser.js:433:10)
    at Parser.write (C:\Users\Owner\Desktop\Studies\Vacation Project\Backend\node_modules\mysql\lib\protocol\Parser.js:43:10)
    at Protocol.write (C:\Users\Owner\Desktop\Studies\Vacation Project\Backend\node_modules\mysql\lib\protocol\Protocol.js:38:16)
    at Socket.<anonymous> (C:\Users\Owner\Desktop\Studies\Vacation Project\Backend\node_modules\mysql\lib\Connection.js:88:28)
    at Socket.<anonymous> (C:\Users\Owner\Desktop\Studies\Vacation Project\Backend\node_modules\mysql\lib\Connection.js:526:10)
    at Socket.emit (node:events:513:28)
    at Socket.emit (node:domain:489:12)
    --------------------
    at Pool.query (C:\Users\Owner\Desktop\Studies\Vacation Project\Backend\node_modules\mysql\lib\Pool.js:199:23)
    at C:\Users\Owner\Desktop\Studies\Vacation Project\Backend\src\2-utils\dal.ts:14:20
    at new Promise (<anonymous>)
    at Object.execute (C:\Users\Owner\Desktop\Studies\Vacation Project\Backend\src\2-utils\dal.ts:13:12)
    at Object.<anonymous> (C:\Users\Owner\Desktop\Studies\Vacation Project\Backend\src\5-logic\auth-logic.ts:17:15)
    at step (C:\Users\Owner\Desktop\Studies\Vacation Project\Backend\src\5-logic\auth-logic.ts:33:23)
    at Object.next (C:\Users\Owner\Desktop\Studies\Vacation Project\Backend\src\5-logic\auth-logic.ts:14:53)
    at fulfilled (C:\Users\Owner\Desktop\Studies\Vacation Project\Backend\src\5-logic\auth-logic.ts:5:58)
    at processTicksAndRejections (node:internal/process/task_queues:95:5)
----------------------------------------------------------------------------------------------------
Thu, 08 Jun 2023 10:20:56 GMT
cathAll error
Stack: Error: ER_PARSE_ERROR: You have an error in your SQL syntax; check the manual that corresponds to your MariaDB server version for the right syntax to use near '?)' at line 1
    at Query.Sequence._packetToError (C:\Users\Owner\Desktop\Studies\Vacation Project\Backend\node_modules\mysql\lib\protocol\sequences\Sequence.js:47:14)
    at Query.ErrorPacket (C:\Users\Owner\Desktop\Studies\Vacation Project\Backend\node_modules\mysql\lib\protocol\sequences\Query.js:79:18)
    at Protocol._parsePacket (C:\Users\Owner\Desktop\Studies\Vacation Project\Backend\node_modules\mysql\lib\protocol\Protocol.js:291:23)
    at Parser._parsePacket (C:\Users\Owner\Desktop\Studies\Vacation Project\Backend\node_modules\mysql\lib\protocol\Parser.js:433:10)
    at Parser.write (C:\Users\Owner\Desktop\Studies\Vacation Project\Backend\node_modules\mysql\lib\protocol\Parser.js:43:10)
    at Protocol.write (C:\Users\Owner\Desktop\Studies\Vacation Project\Backend\node_modules\mysql\lib\protocol\Protocol.js:38:16)
    at Socket.<anonymous> (C:\Users\Owner\Desktop\Studies\Vacation Project\Backend\node_modules\mysql\lib\Connection.js:88:28)
    at Socket.<anonymous> (C:\Users\Owner\Desktop\Studies\Vacation Project\Backend\node_modules\mysql\lib\Connection.js:526:10)
    at Socket.emit (node:events:513:28)
    at Socket.emit (node:domain:489:12)
    --------------------
    at Pool.query (C:\Users\Owner\Desktop\Studies\Vacation Project\Backend\node_modules\mysql\lib\Pool.js:199:23)
    at C:\Users\Owner\Desktop\Studies\Vacation Project\Backend\src\2-utils\dal.ts:14:20
    at new Promise (<anonymous>)
    at Object.execute (C:\Users\Owner\Desktop\Studies\Vacation Project\Backend\src\2-utils\dal.ts:13:12)
    at Object.<anonymous> (C:\Users\Owner\Desktop\Studies\Vacation Project\Backend\src\5-logic\auth-logic.ts:17:15)
    at step (C:\Users\Owner\Desktop\Studies\Vacation Project\Backend\src\5-logic\auth-logic.ts:33:23)
    at Object.next (C:\Users\Owner\Desktop\Studies\Vacation Project\Backend\src\5-logic\auth-logic.ts:14:53)
    at fulfilled (C:\Users\Owner\Desktop\Studies\Vacation Project\Backend\src\5-logic\auth-logic.ts:5:58)
    at processTicksAndRejections (node:internal/process/task_queues:95:5)
----------------------------------------------------------------------------------------------------
Thu, 08 Jun 2023 10:34:17 GMT
cathAll error
Stack: Error: ER_BAD_FIELD_ERROR: Unknown column 'username' in 'where clause'
    at Query.Sequence._packetToError (C:\Users\Owner\Desktop\Studies\Vacation Project\Backend\node_modules\mysql\lib\protocol\sequences\Sequence.js:47:14)
    at Query.ErrorPacket (C:\Users\Owner\Desktop\Studies\Vacation Project\Backend\node_modules\mysql\lib\protocol\sequences\Query.js:79:18)
    at Protocol._parsePacket (C:\Users\Owner\Desktop\Studies\Vacation Project\Backend\node_modules\mysql\lib\protocol\Protocol.js:291:23)
    at Parser._parsePacket (C:\Users\Owner\Desktop\Studies\Vacation Project\Backend\node_modules\mysql\lib\protocol\Parser.js:433:10)
    at Parser.write (C:\Users\Owner\Desktop\Studies\Vacation Project\Backend\node_modules\mysql\lib\protocol\Parser.js:43:10)
    at Protocol.write (C:\Users\Owner\Desktop\Studies\Vacation Project\Backend\node_modules\mysql\lib\protocol\Protocol.js:38:16)
    at Socket.<anonymous> (C:\Users\Owner\Desktop\Studies\Vacation Project\Backend\node_modules\mysql\lib\Connection.js:88:28)
    at Socket.<anonymous> (C:\Users\Owner\Desktop\Studies\Vacation Project\Backend\node_modules\mysql\lib\Connection.js:526:10)
    at Socket.emit (node:events:513:28)
    at Socket.emit (node:domain:489:12)
    --------------------
    at Pool.query (C:\Users\Owner\Desktop\Studies\Vacation Project\Backend\node_modules\mysql\lib\Pool.js:199:23)
    at C:\Users\Owner\Desktop\Studies\Vacation Project\Backend\src\2-utils\dal.ts:14:20
    at new Promise (<anonymous>)
    at Object.execute (C:\Users\Owner\Desktop\Studies\Vacation Project\Backend\src\2-utils\dal.ts:13:12)
    at Object.<anonymous> (C:\Users\Owner\Desktop\Studies\Vacation Project\Backend\src\5-logic\auth-logic.ts:40:29)
    at step (C:\Users\Owner\Desktop\Studies\Vacation Project\Backend\src\5-logic\auth-logic.ts:33:23)
    at Object.next (C:\Users\Owner\Desktop\Studies\Vacation Project\Backend\src\5-logic\auth-logic.ts:14:53)
    at C:\Users\Owner\Desktop\Studies\Vacation Project\Backend\src\5-logic\auth-logic.ts:8:71
    at new Promise (<anonymous>)
    at __awaiter (C:\Users\Owner\Desktop\Studies\Vacation Project\Backend\src\5-logic\auth-logic.ts:4:12)
----------------------------------------------------------------------------------------------------
Thu, 08 Jun 2023 11:08:53 GMT
cathAll error
Stack: TypeError: Cannot read properties of undefined (reading 'fieldCount')
    at C:\Users\Owner\Desktop\Studies\Vacation Project\Backend\src\5-logic\auth-logic.ts:35:17
    at step (C:\Users\Owner\Desktop\Studies\Vacation Project\Backend\src\5-logic\auth-logic.ts:33:23)
    at Object.next (C:\Users\Owner\Desktop\Studies\Vacation Project\Backend\src\5-logic\auth-logic.ts:14:53)
    at fulfilled (C:\Users\Owner\Desktop\Studies\Vacation Project\Backend\src\5-logic\auth-logic.ts:5:58)
    at processTicksAndRejections (node:internal/process/task_queues:95:5)
----------------------------------------------------------------------------------------------------
Thu, 08 Jun 2023 11:09:51 GMT
cathAll error
Stack: TypeError: Cannot read properties of undefined (reading 'fieldCount')
    at C:\Users\Owner\Desktop\Studies\Vacation Project\Backend\src\5-logic\auth-logic.ts:35:13
    at step (C:\Users\Owner\Desktop\Studies\Vacation Project\Backend\src\5-logic\auth-logic.ts:33:23)
    at Object.next (C:\Users\Owner\Desktop\Studies\Vacation Project\Backend\src\5-logic\auth-logic.ts:14:53)
    at fulfilled (C:\Users\Owner\Desktop\Studies\Vacation Project\Backend\src\5-logic\auth-logic.ts:5:58)
    at processTicksAndRejections (node:internal/process/task_queues:95:5)
----------------------------------------------------------------------------------------------------
Thu, 08 Jun 2023 11:10:54 GMT
cathAll error
Stack: TypeError: Cannot read properties of undefined (reading 'fieldCount')
    at C:\Users\Owner\Desktop\Studies\Vacation Project\Backend\src\5-logic\auth-logic.ts:36:13
    at step (C:\Users\Owner\Desktop\Studies\Vacation Project\Backend\src\5-logic\auth-logic.ts:33:23)
    at Object.next (C:\Users\Owner\Desktop\Studies\Vacation Project\Backend\src\5-logic\auth-logic.ts:14:53)
    at fulfilled (C:\Users\Owner\Desktop\Studies\Vacation Project\Backend\src\5-logic\auth-logic.ts:5:58)
    at processTicksAndRejections (node:internal/process/task_queues:95:5)
----------------------------------------------------------------------------------------------------
Sun, 18 Jun 2023 01:15:30 GMT
cathAll error
Stack: Error: ER_WRONG_VALUE_COUNT_ON_ROW: Column count doesn't match value count at row 1
    at Query.Sequence._packetToError (C:\Users\Owner\Desktop\Studies\Vacation Project\Backend\node_modules\mysql\lib\protocol\sequences\Sequence.js:47:14)
    at Query.ErrorPacket (C:\Users\Owner\Desktop\Studies\Vacation Project\Backend\node_modules\mysql\lib\protocol\sequences\Query.js:79:18)
    at Protocol._parsePacket (C:\Users\Owner\Desktop\Studies\Vacation Project\Backend\node_modules\mysql\lib\protocol\Protocol.js:291:23)
    at Parser._parsePacket (C:\Users\Owner\Desktop\Studies\Vacation Project\Backend\node_modules\mysql\lib\protocol\Parser.js:433:10)
    at Parser.write (C:\Users\Owner\Desktop\Studies\Vacation Project\Backend\node_modules\mysql\lib\protocol\Parser.js:43:10)
    at Protocol.write (C:\Users\Owner\Desktop\Studies\Vacation Project\Backend\node_modules\mysql\lib\protocol\Protocol.js:38:16)
    at Socket.<anonymous> (C:\Users\Owner\Desktop\Studies\Vacation Project\Backend\node_modules\mysql\lib\Connection.js:88:28)
    at Socket.<anonymous> (C:\Users\Owner\Desktop\Studies\Vacation Project\Backend\node_modules\mysql\lib\Connection.js:526:10)
    at Socket.emit (node:events:513:28)
    at Socket.emit (node:domain:489:12)
    --------------------
    at Pool.query (C:\Users\Owner\Desktop\Studies\Vacation Project\Backend\node_modules\mysql\lib\Pool.js:199:23)
    at C:\Users\Owner\Desktop\Studies\Vacation Project\Backend\src\2-utils\dal.ts:14:20
    at new Promise (<anonymous>)
    at Object.execute (C:\Users\Owner\Desktop\Studies\Vacation Project\Backend\src\2-utils\dal.ts:13:12)
    at Object.<anonymous> (C:\Users\Owner\Desktop\Studies\Vacation Project\Backend\src\5-logic\admin-logic.ts:31:35)
    at step (C:\Users\Owner\Desktop\Studies\Vacation Project\Backend\src\5-logic\admin-logic.ts:33:23)
    at Object.next (C:\Users\Owner\Desktop\Studies\Vacation Project\Backend\src\5-logic\admin-logic.ts:14:53)
    at fulfilled (C:\Users\Owner\Desktop\Studies\Vacation Project\Backend\src\5-logic\admin-logic.ts:5:58)
    at processTicksAndRejections (node:internal/process/task_queues:95:5)
----------------------------------------------------------------------------------------------------
Sun, 18 Jun 2023 01:23:18 GMT
cathAll error
Stack: Error: ER_WRONG_VALUE_COUNT_ON_ROW: Column count doesn't match value count at row 1
    at Query.Sequence._packetToError (C:\Users\Owner\Desktop\Studies\Vacation Project\Backend\node_modules\mysql\lib\protocol\sequences\Sequence.js:47:14)
    at Query.ErrorPacket (C:\Users\Owner\Desktop\Studies\Vacation Project\Backend\node_modules\mysql\lib\protocol\sequences\Query.js:79:18)
    at Protocol._parsePacket (C:\Users\Owner\Desktop\Studies\Vacation Project\Backend\node_modules\mysql\lib\protocol\Protocol.js:291:23)
    at Parser._parsePacket (C:\Users\Owner\Desktop\Studies\Vacation Project\Backend\node_modules\mysql\lib\protocol\Parser.js:433:10)
    at Parser.write (C:\Users\Owner\Desktop\Studies\Vacation Project\Backend\node_modules\mysql\lib\protocol\Parser.js:43:10)
    at Protocol.write (C:\Users\Owner\Desktop\Studies\Vacation Project\Backend\node_modules\mysql\lib\protocol\Protocol.js:38:16)
    at Socket.<anonymous> (C:\Users\Owner\Desktop\Studies\Vacation Project\Backend\node_modules\mysql\lib\Connection.js:88:28)
    at Socket.<anonymous> (C:\Users\Owner\Desktop\Studies\Vacation Project\Backend\node_modules\mysql\lib\Connection.js:526:10)
    at Socket.emit (node:events:513:28)
    at Socket.emit (node:domain:489:12)
    --------------------
    at Pool.query (C:\Users\Owner\Desktop\Studies\Vacation Project\Backend\node_modules\mysql\lib\Pool.js:199:23)
    at C:\Users\Owner\Desktop\Studies\Vacation Project\Backend\src\2-utils\dal.ts:14:20
    at new Promise (<anonymous>)
    at Object.execute (C:\Users\Owner\Desktop\Studies\Vacation Project\Backend\src\2-utils\dal.ts:13:12)
    at Object.<anonymous> (C:\Users\Owner\Desktop\Studies\Vacation Project\Backend\src\5-logic\admin-logic.ts:31:35)
    at step (C:\Users\Owner\Desktop\Studies\Vacation Project\Backend\src\5-logic\admin-logic.ts:33:23)
    at Object.next (C:\Users\Owner\Desktop\Studies\Vacation Project\Backend\src\5-logic\admin-logic.ts:14:53)
    at fulfilled (C:\Users\Owner\Desktop\Studies\Vacation Project\Backend\src\5-logic\admin-logic.ts:5:58)
    at processTicksAndRejections (node:internal/process/task_queues:95:5)
----------------------------------------------------------------------------------------------------
Mon, 19 Jun 2023 22:56:08 GMT
cathAll error
Stack: Error: ER_BAD_NULL_ERROR: Column 'image' cannot be null
    at Query.Sequence._packetToError (C:\Users\Owner\Desktop\Studies\Vacation Project\Backend\node_modules\mysql\lib\protocol\sequences\Sequence.js:47:14)
    at Query.ErrorPacket (C:\Users\Owner\Desktop\Studies\Vacation Project\Backend\node_modules\mysql\lib\protocol\sequences\Query.js:79:18)
    at Protocol._parsePacket (C:\Users\Owner\Desktop\Studies\Vacation Project\Backend\node_modules\mysql\lib\protocol\Protocol.js:291:23)
    at Parser._parsePacket (C:\Users\Owner\Desktop\Studies\Vacation Project\Backend\node_modules\mysql\lib\protocol\Parser.js:433:10)
    at Parser.write (C:\Users\Owner\Desktop\Studies\Vacation Project\Backend\node_modules\mysql\lib\protocol\Parser.js:43:10)
    at Protocol.write (C:\Users\Owner\Desktop\Studies\Vacation Project\Backend\node_modules\mysql\lib\protocol\Protocol.js:38:16)
    at Socket.<anonymous> (C:\Users\Owner\Desktop\Studies\Vacation Project\Backend\node_modules\mysql\lib\Connection.js:88:28)
    at Socket.<anonymous> (C:\Users\Owner\Desktop\Studies\Vacation Project\Backend\node_modules\mysql\lib\Connection.js:526:10)
    at Socket.emit (node:events:513:28)
    at Socket.emit (node:domain:489:12)
    --------------------
    at Pool.query (C:\Users\Owner\Desktop\Studies\Vacation Project\Backend\node_modules\mysql\lib\Pool.js:199:23)
    at C:\Users\Owner\Desktop\Studies\Vacation Project\Backend\src\2-utils\dal.ts:14:20
    at new Promise (<anonymous>)
    at Object.execute (C:\Users\Owner\Desktop\Studies\Vacation Project\Backend\src\2-utils\dal.ts:13:12)
    at Object.<anonymous> (C:\Users\Owner\Desktop\Studies\Vacation Project\Backend\src\5-logic\admin-logic.ts:31:35)
    at step (C:\Users\Owner\Desktop\Studies\Vacation Project\Backend\src\5-logic\admin-logic.ts:33:23)
    at Object.next (C:\Users\Owner\Desktop\Studies\Vacation Project\Backend\src\5-logic\admin-logic.ts:14:53)
    at fulfilled (C:\Users\Owner\Desktop\Studies\Vacation Project\Backend\src\5-logic\admin-logic.ts:5:58)
    at processTicksAndRejections (node:internal/process/task_queues:95:5)
----------------------------------------------------------------------------------------------------
